<?xml version="1.0" encoding="UTF-8"?>
<testsuite xmlns:xsi="http://www.w3.org/2001/XMLSchema-instance" xsi:noNamespaceSchemaLocation="https://maven.apache.org/surefire/maven-surefire-plugin/xsd/surefire-test-report.xsd" name="example.cashcard.CashCardJsonTest" time="3" tests="4" errors="0" skipped="0" failures="0">
  <properties>
[...]
</properties>
  <testcase name="cashCardSerializationTest" classname="example.cashcard.CashCardJsonTest" time="0.817"/>
  <testcase name="cashCardDeserializationTest" classname="example.cashcard.CashCardJsonTest" time="0.041"/>
  <testcase name="cashCardListSerializationTest" classname="example.cashcard.CashCardJsonTest" time="0.013"/>
  <testcase name="cashCardListDeserializationTest" classname="example.cashcard.CashCardJsonTest" time="0.006"/>
</testsuite>